<?xml version="1.0" encoding="UTF-8"?>
<testsuite xmlns:xsi="http://www.w3.org/2001/XMLSchema-instance" xsi:noNamespaceSchemaLocation="https://maven.apache.org/surefire/maven-surefire-plugin/xsd/surefire-test-report-3.0.xsd" version="3.0" name="com.happeo.dao.PostDaoTest" time="0.616" tests="4" errors="0" skipped="0" failures="0">
  <properties>
    <property name="java.specification.version" value="17"/>
    <property name="sun.cpu.isalist" value="amd64"/>
    <property name="sun.jnu.encoding" value="Cp1252"/>
    <property name="java.class.path" value="C:\Users\Sulaiman Auwal Sabo\happeo_assignment\target\test-classes;C:\Users\Sulaiman Auwal Sabo\happeo_assignment\target\classes;C:\Users\Sulaiman Auwal Sabo\.m2\repository\com\h2database\h2\2.2.222\h2-2.2.222.jar;C:\Users\Sulaiman Auwal Sabo\.m2\repository\javax\javaee-api\8.0\javaee-api-8.0.jar;C:\Users\Sulaiman Auwal Sabo\.m2\repository\com\sun\mail\javax.mail\1.6.0\javax.mail-1.6.0.jar;C:\Users\Sulaiman Auwal Sabo\.m2\repository\javax\activation\activation\1.1\activation-1.1.jar;C:\Users\Sulaiman Auwal Sabo\.m2\repository\org\mockito\mockito-core\3.12.4\mockito-core-3.12.4.jar;C:\Users\Sulaiman Auwal Sabo\.m2\repository\net\bytebuddy\byte-buddy\1.11.13\byte-buddy-1.11.13.jar;C:\Users\Sulaiman Auwal Sabo\.m2\repository\net\bytebuddy\byte-buddy-agent\1.11.13\byte-buddy-agent-1.11.13.jar;C:\Users\Sulaiman Auwal Sabo\.m2\repository\org\objenesis\objenesis\3.2\objenesis-3.2.jar;C:\Users\Sulaiman Auwal Sabo\.m2\repository\junit\junit\4.13.2\junit-4.13.2.jar;C:\Users\Sulaiman Auwal Sabo\.m2\repository\org\hamcrest\hamcrest-core\1.3\hamcrest-core-1.3.jar;C:\Users\Sulaiman Auwal Sabo\.m2\repository\org\hibernate\validator\hibernate-validator\6.1.5.Final\hibernate-validator-6.1.5.Final.jar;C:\Users\Sulaiman Auwal Sabo\.m2\repository\jakarta\validation\jakarta.validation-api\2.0.2\jakarta.validation-api-2.0.2.jar;C:\Users\Sulaiman Auwal Sabo\.m2\repository\org\jboss\logging\jboss-logging\3.3.2.Final\jboss-logging-3.3.2.Final.jar;C:\Users\Sulaiman Auwal Sabo\.m2\repository\com\fasterxml\classmate\1.3.4\classmate-1.3.4.jar;C:\Users\Sulaiman Auwal Sabo\.m2\repository\org\glassfish\javax.el\3.0.1-b09\javax.el-3.0.1-b09.jar;"/>
    <property name="java.vm.vendor" value="Eclipse Adoptium"/>
    <property name="sun.arch.data.model" value="64"/>
    <property name="user.variant" value=""/>
    <property name="java.vendor.url" value="https://adoptium.net/"/>
    <property name="user.timezone" value="Africa/Lagos"/>
    <property name="os.name" value="Windows 11"/>
    <property name="java.vm.specification.version" value="17"/>
    <property name="sun.java.launcher" value="SUN_STANDARD"/>
    <property name="user.country" value="US"/>
    <property name="sun.boot.library.path" value="C:\Users\Sulaiman Auwal Sabo\AppData\Local\Programs\Eclipse Adoptium\jdk-17.0.11.9-hotspot\bin"/>
    <property name="sun.java.command" value="C:\Users\Sulaiman Auwal Sabo\AppData\Local\Temp\surefire5303145038398946869\surefirebooter-20240506132954918_3.jar C:\Users\Sulaiman Auwal Sabo\AppData\Local\Temp\surefire5303145038398946869 2024-05-06T13-29-53_908-jvmRun1 surefire-20240506132954918_1tmp surefire_0-20240506132954918_2tmp"/>
    <property name="jdk.debug" value="release"/>
    <property name="surefire.test.class.path" value="C:\Users\Sulaiman Auwal Sabo\happeo_assignment\target\test-classes;C:\Users\Sulaiman Auwal Sabo\happeo_assignment\target\classes;C:\Users\Sulaiman Auwal Sabo\.m2\repository\com\h2database\h2\2.2.222\h2-2.2.222.jar;C:\Users\Sulaiman Auwal Sabo\.m2\repository\javax\javaee-api\8.0\javaee-api-8.0.jar;C:\Users\Sulaiman Auwal Sabo\.m2\repository\com\sun\mail\javax.mail\1.6.0\javax.mail-1.6.0.jar;C:\Users\Sulaiman Auwal Sabo\.m2\repository\javax\activation\activation\1.1\activation-1.1.jar;C:\Users\Sulaiman Auwal Sabo\.m2\repository\org\mockito\mockito-core\3.12.4\mockito-core-3.12.4.jar;C:\Users\Sulaiman Auwal Sabo\.m2\repository\net\bytebuddy\byte-buddy\1.11.13\byte-buddy-1.11.13.jar;C:\Users\Sulaiman Auwal Sabo\.m2\repository\net\bytebuddy\byte-buddy-agent\1.11.13\byte-buddy-agent-1.11.13.jar;C:\Users\Sulaiman Auwal Sabo\.m2\repository\org\objenesis\objenesis\3.2\objenesis-3.2.jar;C:\Users\Sulaiman Auwal Sabo\.m2\repository\junit\junit\4.13.2\junit-4.13.2.jar;C:\Users\Sulaiman Auwal Sabo\.m2\repository\org\hamcrest\hamcrest-core\1.3\hamcrest-core-1.3.jar;C:\Users\Sulaiman Auwal Sabo\.m2\repository\org\hibernate\validator\hibernate-validator\6.1.5.Final\hibernate-validator-6.1.5.Final.jar;C:\Users\Sulaiman Auwal Sabo\.m2\repository\jakarta\validation\jakarta.validation-api\2.0.2\jakarta.validation-api-2.0.2.jar;C:\Users\Sulaiman Auwal Sabo\.m2\repository\org\jboss\logging\jboss-logging\3.3.2.Final\jboss-logging-3.3.2.Final.jar;C:\Users\Sulaiman Auwal Sabo\.m2\repository\com\fasterxml\classmate\1.3.4\classmate-1.3.4.jar;C:\Users\Sulaiman Auwal Sabo\.m2\repository\org\glassfish\javax.el\3.0.1-b09\javax.el-3.0.1-b09.jar;"/>
    <property name="sun.cpu.endian" value="little"/>
    <property name="user.home" value="C:\Users\Sulaiman Auwal Sabo"/>
    <property name="user.language" value="en"/>
    <property name="java.specification.vendor" value="Oracle Corporation"/>
    <property name="java.version.date" value="2024-04-16"/>
    <property name="java.home" value="C:\Users\Sulaiman Auwal Sabo\AppData\Local\Programs\Eclipse Adoptium\jdk-17.0.11.9-hotspot"/>
    <property name="file.separator" value="\"/>
    <property name="basedir" value="C:\Users\Sulaiman Auwal Sabo\happeo_assignment"/>
    <property name="java.vm.compressedOopsMode" value="32-bit"/>
    <property name="line.separator" value="&#10;"/>
    <property name="java.vm.specification.vendor" value="Oracle Corporation"/>
    <property name="java.specification.name" value="Java Platform API Specification"/>
    <property name="surefire.real.class.path" value="C:\Users\Sulaiman Auwal Sabo\AppData\Local\Temp\surefire5303145038398946869\surefirebooter-20240506132954918_3.jar"/>
    <property name="user.script" value=""/>
    <property name="sun.management.compiler" value="HotSpot 64-Bit Tiered Compilers"/>
    <property name="java.runtime.version" value="17.0.11+9"/>
    <property name="user.name" value="Sulaiman Auwal Sabo"/>
    <property name="path.separator" value=";"/>
    <property name="os.version" value="10.0"/>
    <property name="java.runtime.name" value="OpenJDK Runtime Environment"/>
    <property name="file.encoding" value="Cp1252"/>
    <property name="java.vm.name" value="OpenJDK 64-Bit Server VM"/>
    <property name="java.vendor.version" value="Temurin-17.0.11+9"/>
    <property name="localRepository" value="C:\Users\Sulaiman Auwal Sabo\.m2\repository"/>
    <property name="java.vendor.url.bug" value="https://github.com/adoptium/adoptium-support/issues"/>
    <property name="java.io.tmpdir" value="C:\Users\SULAIM~1\AppData\Local\Temp\"/>
    <property name="java.version" value="17.0.11"/>
    <property name="user.dir" value="C:\Users\Sulaiman Auwal Sabo\happeo_assignment"/>
    <property name="os.arch" value="amd64"/>
    <property name="java.vm.specification.name" value="Java Virtual Machine Specification"/>
    <property name="sun.os.patch.level" value=""/>
    <property name="native.encoding" value="Cp1252"/>
    <property name="java.library.path" value="C:\Users\Sulaiman Auwal Sabo\AppData\Local\Programs\Eclipse Adoptium\jdk-17.0.11.9-hotspot\bin;C:\Windows\Sun\Java\bin;C:\Windows\system32;C:\Windows;C:\Windows\system32;C:\Windows;C:\Windows\System32\Wbem;C:\Windows\System32\WindowsPowerShell\v1.0\;C:\Windows\System32\OpenSSH\;C:\Program Files\Git\cmd;C:\Users\Sulaiman Auwal Sabo\Documents\mingw64;C:\Users\Sulaiman Auwal Sabo\Documents\mingw64\bin;C:\Users\Sulaiman Auwal Sabo\Documents\apache-maven-3.9.6\bin;C:\Users\Sulaiman Auwal Sabo\AppData\Local\Programs\Eclipse Adoptium\jdk-17.0.11.9-hotspot\bin;C:\Users\Sulaiman Auwal Sabo\AppData\Local\Microsoft\WindowsApps;C:\Users\Sulaiman Auwal Sabo\AppData\Local\Programs\Microsoft VS Code\bin;&quot;C:\Users\Sulaiman Auwal Sabo\Documents\flutter\bin&quot;;."/>
    <property name="java.vm.info" value="mixed mode, sharing"/>
    <property name="java.vendor" value="Eclipse Adoptium"/>
    <property name="java.vm.version" value="17.0.11+9"/>
    <property name="sun.io.unicode.encoding" value="UnicodeLittle"/>
    <property name="java.class.version" value="61.0"/>
  </properties>
  <testcase name="testGetPosts" classname="com.happeo.dao.PostDaoTest" time="0.186"/>
  <testcase name="testAddPost" classname="com.happeo.dao.PostDaoTest" time="0.016"/>
  <testcase name="testSavePost" classname="com.happeo.dao.PostDaoTest" time="0.396"/>
  <testcase name="testSavePostException" classname="com.happeo.dao.PostDaoTest" time="0.01"/>
</testsuite>